This file contains any messages produced by compilers while
running configure, to aid debugging if configure makes a mistake.

It was created by newbblox configure 0.9, which was
generated by GNU Autoconf 2.63.  Invocation command line was

  $ ./configure 

## --------- ##
## Platform. ##
## --------- ##

hostname = osaka
uname -m = i686
uname -r = 2.6.28-13-generic
uname -s = Linux
uname -v = #45-Ubuntu SMP Tue Jun 30 19:49:51 UTC 2009

/usr/bin/uname -p = unknown
/bin/uname -X     = unknown

/bin/arch              = unknown
/usr/bin/arch -k       = unknown
/usr/convex/getsysinfo = unknown
/usr/bin/hostinfo      = unknown
/bin/machine           = unknown
/usr/bin/oslevel       = unknown
/bin/universe          = unknown

PATH: /home/aramande/bin
PATH: /usr/local/sbin
PATH: /usr/local/bin
PATH: /usr/sbin
PATH: /usr/bin
PATH: /sbin
PATH: /bin
PATH: /usr/games


## ----------- ##
## Core tests. ##
## ----------- ##

configure:1900: checking for a BSD-compatible install
configure:1968: result: /usr/bin/install -c
configure:1979: checking whether build environment is sane
configure:2022: result: yes
configure:2047: checking for a thread-safe mkdir -p
configure:2086: result: /bin/mkdir -p
configure:2099: checking for gawk
configure:2129: result: no
configure:2099: checking for mawk
configure:2115: found /usr/bin/mawk
configure:2126: result: mawk
configure:2137: checking whether make sets $(MAKE)
configure:2159: result: yes
configure:2405: checking for g++
configure:2421: found /usr/bin/g++
configure:2432: result: g++
configure:2459: checking for C++ compiler version
configure:2467: g++ --version >&5
g++ (Ubuntu 4.3.3-5ubuntu4) 4.3.3
Copyright (C) 2008 Free Software Foundation, Inc.
This is free software; see the source for copying conditions.  There is NO
warranty; not even for MERCHANTABILITY or FITNESS FOR A PARTICULAR PURPOSE.

configure:2471: $? = 0
configure:2478: g++ -v >&5
Using built-in specs.
Target: i486-linux-gnu
Configured with: ../src/configure -v --with-pkgversion='Ubuntu 4.3.3-5ubuntu4' --with-bugurl=file:///usr/share/doc/gcc-4.3/README.Bugs --enable-languages=c,c++,fortran,objc,obj-c++ --prefix=/usr --enable-shared --with-system-zlib --libexecdir=/usr/lib --without-included-gettext --enable-threads=posix --enable-nls --with-gxx-include-dir=/usr/include/c++/4.3 --program-suffix=-4.3 --enable-clocale=gnu --enable-libstdcxx-debug --enable-objc-gc --enable-mpfr --enable-targets=all --with-tune=generic --enable-checking=release --build=i486-linux-gnu --host=i486-linux-gnu --target=i486-linux-gnu
Thread model: posix
gcc version 4.3.3 (Ubuntu 4.3.3-5ubuntu4) 
configure:2482: $? = 0
configure:2489: g++ -V >&5
g++: '-V' option must have argument
configure:2493: $? = 1
configure:2516: checking for C++ compiler default output file name
configure:2538: g++    conftest.cpp  >&5
configure:2542: $? = 0
configure:2580: result: a.out
configure:2599: checking whether the C++ compiler works
configure:2609: ./a.out
configure:2613: $? = 0
configure:2632: result: yes
configure:2639: checking whether we are cross compiling
configure:2641: result: no
configure:2644: checking for suffix of executables
configure:2651: g++ -o conftest    conftest.cpp  >&5
configure:2655: $? = 0
configure:2681: result: 
configure:2687: checking for suffix of object files
configure:2713: g++ -c   conftest.cpp >&5
configure:2717: $? = 0
configure:2742: result: o
configure:2746: checking whether we are using the GNU C++ compiler
configure:2775: g++ -c   conftest.cpp >&5
configure:2782: $? = 0
configure:2799: result: yes
configure:2808: checking whether g++ accepts -g
configure:2838: g++ -c -g  conftest.cpp >&5
configure:2845: $? = 0
configure:2946: result: yes
configure:2980: checking for style of include used by make
configure:3008: result: GNU
configure:3033: checking dependency style of g++
configure:3124: result: gcc3
configure:3187: checking for gcc
configure:3203: found /usr/bin/gcc
configure:3214: result: gcc
configure:3446: checking for C compiler version
configure:3454: gcc --version >&5
gcc (Ubuntu 4.3.3-5ubuntu4) 4.3.3
Copyright (C) 2008 Free Software Foundation, Inc.
This is free software; see the source for copying conditions.  There is NO
warranty; not even for MERCHANTABILITY or FITNESS FOR A PARTICULAR PURPOSE.

configure:3458: $? = 0
configure:3465: gcc -v >&5
Using built-in specs.
Target: i486-linux-gnu
Configured with: ../src/configure -v --with-pkgversion='Ubuntu 4.3.3-5ubuntu4' --with-bugurl=file:///usr/share/doc/gcc-4.3/README.Bugs --enable-languages=c,c++,fortran,objc,obj-c++ --prefix=/usr --enable-shared --with-system-zlib --libexecdir=/usr/lib --without-included-gettext --enable-threads=posix --enable-nls --with-gxx-include-dir=/usr/include/c++/4.3 --program-suffix=-4.3 --enable-clocale=gnu --enable-libstdcxx-debug --enable-objc-gc --enable-mpfr --enable-targets=all --with-tune=generic --enable-checking=release --build=i486-linux-gnu --host=i486-linux-gnu --target=i486-linux-gnu
Thread model: posix
gcc version 4.3.3 (Ubuntu 4.3.3-5ubuntu4) 
configure:3469: $? = 0
configure:3476: gcc -V >&5
gcc: '-V' option must have argument
configure:3480: $? = 1
configure:3483: checking whether we are using the GNU C compiler
configure:3512: gcc -c   conftest.c >&5
configure:3519: $? = 0
configure:3536: result: yes
configure:3545: checking whether gcc accepts -g
configure:3575: gcc -c -g  conftest.c >&5
configure:3582: $? = 0
configure:3683: result: yes
configure:3700: checking for gcc option to accept ISO C89
configure:3774: gcc  -c -g -O2  conftest.c >&5
configure:3781: $? = 0
configure:3804: result: none needed
configure:3824: checking dependency style of gcc
configure:3915: result: gcc3
configure:3944: checking for a BSD-compatible install
configure:4012: result: /usr/bin/install -c
configure:4044: checking for TTF_OpenFont in -lSDL_ttf
configure:4079: gcc -o conftest -g -O2   conftest.c -lSDL_ttf   >&5
configure:4086: $? = 0
configure:4107: result: yes
configure:4121: checking for IMG_Load in -lSDL_image
configure:4156: gcc -o conftest -g -O2   conftest.c -lSDL_image  -lSDL_ttf  >&5
configure:4163: $? = 0
configure:4184: result: yes
configure:4262: checking for sdl-config
configure:4280: found /usr/bin/sdl-config
configure:4293: result: /usr/bin/sdl-config
configure:4302: checking for SDL - version >= 1.2.13
configure:4399: gcc -o conftest -g -O2 -I/usr/include/SDL -D_GNU_SOURCE=1 -D_REENTRANT   conftest.c -lSDL_image -lSDL_ttf  -L/usr/lib -lSDL >&5
configure:4403: $? = 0
configure:4409: ./conftest
configure:4413: $? = 0
configure:4435: result: yes
configure:4564: checking how to run the C preprocessor
configure:4604: gcc -E  conftest.c
configure:4611: $? = 0
configure:4642: gcc -E  conftest.c
conftest.c:12:28: error: ac_nonexistent.h: No such file or directory
configure:4649: $? = 1
configure: failed program was:
| /* confdefs.h.  */
| #define PACKAGE_NAME "newbblox"
| #define PACKAGE_TARNAME "newbblox"
| #define PACKAGE_VERSION "0.9"
| #define PACKAGE_STRING "newbblox 0.9"
| #define PACKAGE_BUGREPORT "aramande@gmail.com"
| #define PACKAGE "newbblox"
| #define VERSION "0.9"
| #define HAVE_LIBSDL_TTF 1
| #define HAVE_LIBSDL_IMAGE 1
| /* end confdefs.h.  */
| #include <ac_nonexistent.h>
configure:4682: result: gcc -E
configure:4711: gcc -E  conftest.c
configure:4718: $? = 0
configure:4749: gcc -E  conftest.c
conftest.c:12:28: error: ac_nonexistent.h: No such file or directory
configure:4756: $? = 1
configure: failed program was:
| /* confdefs.h.  */
| #define PACKAGE_NAME "newbblox"
| #define PACKAGE_TARNAME "newbblox"
| #define PACKAGE_VERSION "0.9"
| #define PACKAGE_STRING "newbblox 0.9"
| #define PACKAGE_BUGREPORT "aramande@gmail.com"
| #define PACKAGE "newbblox"
| #define VERSION "0.9"
| #define HAVE_LIBSDL_TTF 1
| #define HAVE_LIBSDL_IMAGE 1
| /* end confdefs.h.  */
| #include <ac_nonexistent.h>
configure:4796: checking for grep that handles long lines and -e
configure:4856: result: /bin/grep
configure:4861: checking for egrep
configure:4925: result: /bin/grep -E
configure:4930: checking for ANSI C header files
configure:4960: gcc -c -g -O2 -I/usr/include/SDL -D_GNU_SOURCE=1 -D_REENTRANT  conftest.c >&5
configure:4967: $? = 0
configure:5066: gcc -o conftest -g -O2 -I/usr/include/SDL -D_GNU_SOURCE=1 -D_REENTRANT   conftest.c -lSDL_image -lSDL_ttf  -L/usr/lib -lSDL >&5
configure:5070: $? = 0
configure:5076: ./conftest
configure:5080: $? = 0
configure:5098: result: yes
configure:5122: checking for sys/types.h
configure:5143: gcc -c -g -O2 -I/usr/include/SDL -D_GNU_SOURCE=1 -D_REENTRANT  conftest.c >&5
configure:5150: $? = 0
configure:5167: result: yes
configure:5122: checking for sys/stat.h
configure:5143: gcc -c -g -O2 -I/usr/include/SDL -D_GNU_SOURCE=1 -D_REENTRANT  conftest.c >&5
configure:5150: $? = 0
configure:5167: result: yes
configure:5122: checking for stdlib.h
configure:5143: gcc -c -g -O2 -I/usr/include/SDL -D_GNU_SOURCE=1 -D_REENTRANT  conftest.c >&5
configure:5150: $? = 0
configure:5167: result: yes
configure:5122: checking for string.h
configure:5143: gcc -c -g -O2 -I/usr/include/SDL -D_GNU_SOURCE=1 -D_REENTRANT  conftest.c >&5
configure:5150: $? = 0
configure:5167: result: yes
configure:5122: checking for memory.h
configure:5143: gcc -c -g -O2 -I/usr/include/SDL -D_GNU_SOURCE=1 -D_REENTRANT  conftest.c >&5
configure:5150: $? = 0
configure:5167: result: yes
configure:5122: checking for strings.h
configure:5143: gcc -c -g -O2 -I/usr/include/SDL -D_GNU_SOURCE=1 -D_REENTRANT  conftest.c >&5
configure:5150: $? = 0
configure:5167: result: yes
configure:5122: checking for inttypes.h
configure:5143: gcc -c -g -O2 -I/usr/include/SDL -D_GNU_SOURCE=1 -D_REENTRANT  conftest.c >&5
configure:5150: $? = 0
configure:5167: result: yes
configure:5122: checking for stdint.h
configure:5143: gcc -c -g -O2 -I/usr/include/SDL -D_GNU_SOURCE=1 -D_REENTRANT  conftest.c >&5
configure:5150: $? = 0
configure:5167: result: yes
configure:5122: checking for unistd.h
configure:5143: gcc -c -g -O2 -I/usr/include/SDL -D_GNU_SOURCE=1 -D_REENTRANT  conftest.c >&5
configure:5150: $? = 0
configure:5167: result: yes
configure:5181: checking for stdbool.h that conforms to C99
configure:5276: gcc -c -g -O2 -I/usr/include/SDL -D_GNU_SOURCE=1 -D_REENTRANT  conftest.c >&5
configure:5283: $? = 0
configure:5298: result: yes
configure:5300: checking for _Bool
configure:5328: gcc -c -g -O2 -I/usr/include/SDL -D_GNU_SOURCE=1 -D_REENTRANT  conftest.c >&5
configure:5335: $? = 0
configure:5362: gcc -c -g -O2 -I/usr/include/SDL -D_GNU_SOURCE=1 -D_REENTRANT  conftest.c >&5
conftest.c: In function 'main':
conftest.c:58: error: expected expression before ')' token
configure:5369: $? = 1
configure: failed program was:
| /* confdefs.h.  */
| #define PACKAGE_NAME "newbblox"
| #define PACKAGE_TARNAME "newbblox"
| #define PACKAGE_VERSION "0.9"
| #define PACKAGE_STRING "newbblox 0.9"
| #define PACKAGE_BUGREPORT "aramande@gmail.com"
| #define PACKAGE "newbblox"
| #define VERSION "0.9"
| #define HAVE_LIBSDL_TTF 1
| #define HAVE_LIBSDL_IMAGE 1
| #define STDC_HEADERS 1
| #define HAVE_SYS_TYPES_H 1
| #define HAVE_SYS_STAT_H 1
| #define HAVE_STDLIB_H 1
| #define HAVE_STRING_H 1
| #define HAVE_MEMORY_H 1
| #define HAVE_STRINGS_H 1
| #define HAVE_INTTYPES_H 1
| #define HAVE_STDINT_H 1
| #define HAVE_UNISTD_H 1
| /* end confdefs.h.  */
| #include <stdio.h>
| #ifdef HAVE_SYS_TYPES_H
| # include <sys/types.h>
| #endif
| #ifdef HAVE_SYS_STAT_H
| # include <sys/stat.h>
| #endif
| #ifdef STDC_HEADERS
| # include <stdlib.h>
| # include <stddef.h>
| #else
| # ifdef HAVE_STDLIB_H
| #  include <stdlib.h>
| # endif
| #endif
| #ifdef HAVE_STRING_H
| # if !defined STDC_HEADERS && defined HAVE_MEMORY_H
| #  include <memory.h>
| # endif
| # include <string.h>
| #endif
| #ifdef HAVE_STRINGS_H
| # include <strings.h>
| #endif
| #ifdef HAVE_INTTYPES_H
| # include <inttypes.h>
| #endif
| #ifdef HAVE_STDINT_H
| # include <stdint.h>
| #endif
| #ifdef HAVE_UNISTD_H
| # include <unistd.h>
| #endif
| int
| main ()
| {
| if (sizeof ((_Bool)))
| 	  return 0;
|   ;
|   return 0;
| }
configure:5392: result: yes
configure:5539: creating ./config.status

## ---------------------- ##
## Running config.status. ##
## ---------------------- ##

This file was extended by newbblox config.status 0.9, which was
generated by GNU Autoconf 2.63.  Invocation command line was

  CONFIG_FILES    = 
  CONFIG_HEADERS  = 
  CONFIG_LINKS    = 
  CONFIG_COMMANDS = 
  $ ./config.status 

on osaka

config.status:789: creating Makefile
config.status:789: creating data/Makefile
config.status:789: creating src/Makefile
config.status:789: creating config.h
config.status:1011: config.h is unchanged
config.status:1063: executing depfiles commands

## ---------------- ##
## Cache variables. ##
## ---------------- ##

ac_cv_c_compiler_gnu=yes
ac_cv_cxx_compiler_gnu=yes
ac_cv_env_CCC_set=
ac_cv_env_CCC_value=
ac_cv_env_CC_set=
ac_cv_env_CC_value=
ac_cv_env_CFLAGS_set=
ac_cv_env_CFLAGS_value=
ac_cv_env_CPPFLAGS_set=
ac_cv_env_CPPFLAGS_value=
ac_cv_env_CPP_set=
ac_cv_env_CPP_value=
ac_cv_env_CXXFLAGS_set=
ac_cv_env_CXXFLAGS_value=
ac_cv_env_CXX_set=
ac_cv_env_CXX_value=
ac_cv_env_LDFLAGS_set=
ac_cv_env_LDFLAGS_value=
ac_cv_env_LIBS_set=
ac_cv_env_LIBS_value=
ac_cv_env_build_alias_set=
ac_cv_env_build_alias_value=
ac_cv_env_host_alias_set=
ac_cv_env_host_alias_value=
ac_cv_env_target_alias_set=
ac_cv_env_target_alias_value=
ac_cv_header_inttypes_h=yes
ac_cv_header_memory_h=yes
ac_cv_header_stdbool_h=yes
ac_cv_header_stdc=yes
ac_cv_header_stdint_h=yes
ac_cv_header_stdlib_h=yes
ac_cv_header_string_h=yes
ac_cv_header_strings_h=yes
ac_cv_header_sys_stat_h=yes
ac_cv_header_sys_types_h=yes
ac_cv_header_unistd_h=yes
ac_cv_lib_SDL_image_IMG_Load=yes
ac_cv_lib_SDL_ttf_TTF_OpenFont=yes
ac_cv_objext=o
ac_cv_path_EGREP='/bin/grep -E'
ac_cv_path_GREP=/bin/grep
ac_cv_path_SDL_CONFIG=/usr/bin/sdl-config
ac_cv_path_install='/usr/bin/install -c'
ac_cv_path_mkdir=/bin/mkdir
ac_cv_prog_AWK=mawk
ac_cv_prog_CPP='gcc -E'
ac_cv_prog_ac_ct_CC=gcc
ac_cv_prog_ac_ct_CXX=g++
ac_cv_prog_cc_c89=
ac_cv_prog_cc_g=yes
ac_cv_prog_cxx_g=yes
ac_cv_prog_make_make_set=yes
ac_cv_type__Bool=yes
am_cv_CC_dependencies_compiler_type=gcc3
am_cv_CXX_dependencies_compiler_type=gcc3

## ----------------- ##
## Output variables. ##
## ----------------- ##

ACLOCAL='${SHELL} /home/aramande/projects/newbblox/missing --run aclocal-1.10'
AMDEPBACKSLASH='\'
AMDEP_FALSE='#'
AMDEP_TRUE=''
AMTAR='${SHELL} /home/aramande/projects/newbblox/missing --run tar'
AM_CXXFLAGS=' -DDATADIR="${datarootdir}"'
AM_LDFLAGS=' -L/usr/lib -lSDL'
AUTOCONF='${SHELL} /home/aramande/projects/newbblox/missing --run autoconf'
AUTOHEADER='${SHELL} /home/aramande/projects/newbblox/missing --run autoheader'
AUTOMAKE='${SHELL} /home/aramande/projects/newbblox/missing --run automake-1.10'
AWK='mawk'
CC='gcc'
CCDEPMODE='depmode=gcc3'
CFLAGS='-g -O2 -I/usr/include/SDL -D_GNU_SOURCE=1 -D_REENTRANT'
CPP='gcc -E'
CPPFLAGS=''
CXX='g++'
CXXDEPMODE='depmode=gcc3'
CXXFLAGS='-g -O2'
CYGPATH_W='echo'
DATA_FILES='./images/7.png ./images/5.png ./images/1.png ./images/6.png ./images/2.png ./images/4.png ./images/3.png ./images/background.png ./fonts/FreeSans.ttf ./fonts/tahoma.ttf'
DEFS='-DHAVE_CONFIG_H'
DEPDIR='.deps'
ECHO_C=''
ECHO_N='-n'
ECHO_T=''
EGREP='/bin/grep -E'
EXEEXT=''
GREP='/bin/grep'
INSTALL_DATA='${INSTALL} -m 644'
INSTALL_PROGRAM='${INSTALL}'
INSTALL_SCRIPT='${INSTALL}'
INSTALL_STRIP_PROGRAM='$(install_sh) -c -s'
LDFLAGS=''
LIBOBJS=''
LIBS='-lSDL_image -lSDL_ttf  -L/usr/lib -lSDL'
LTLIBOBJS=''
MAKEINFO='${SHELL} /home/aramande/projects/newbblox/missing --run makeinfo'
MKDIR_P='/bin/mkdir -p'
OBJEXT='o'
PACKAGE='newbblox'
PACKAGE_BUGREPORT='aramande@gmail.com'
PACKAGE_NAME='newbblox'
PACKAGE_STRING='newbblox 0.9'
PACKAGE_TARNAME='newbblox'
PACKAGE_VERSION='0.9'
PATH_SEPARATOR=':'
PKGDATADIR='${datarootdir}/newbblox'
SDL_CFLAGS='-I/usr/include/SDL -D_GNU_SOURCE=1 -D_REENTRANT'
SDL_CONFIG='/usr/bin/sdl-config'
SDL_LIBS='-L/usr/lib -lSDL'
SET_MAKE=''
SHELL='/bin/bash'
STRIP=''
VERSION='0.9'
ac_ct_CC='gcc'
ac_ct_CXX='g++'
am__fastdepCC_FALSE='#'
am__fastdepCC_TRUE=''
am__fastdepCXX_FALSE='#'
am__fastdepCXX_TRUE=''
am__include='include'
am__isrc=''
am__leading_dot='.'
am__quote=''
am__tar='${AMTAR} chof - "$$tardir"'
am__untar='${AMTAR} xf -'
bindir='${exec_prefix}/bin'
build_alias=''
datadir='${datarootdir}'
datarootdir='${prefix}/share'
docdir='${datarootdir}/doc/${PACKAGE_TARNAME}'
dvidir='${docdir}'
exec_prefix='${prefix}'
host_alias=''
htmldir='${docdir}'
includedir='${prefix}/include'
infodir='${datarootdir}/info'
install_sh='$(SHELL) /home/aramande/projects/newbblox/install-sh'
libdir='${exec_prefix}/lib'
libexecdir='${exec_prefix}/libexec'
localedir='${datarootdir}/locale'
localstatedir='${prefix}/var'
mandir='${datarootdir}/man'
mkdir_p='/bin/mkdir -p'
oldincludedir='/usr/include'
pdfdir='${docdir}'
prefix='/usr/local'
program_transform_name='s,x,x,'
psdir='${docdir}'
sbindir='${exec_prefix}/sbin'
sharedstatedir='${prefix}/com'
sysconfdir='${prefix}/etc'
target_alias=''

## ----------- ##
## confdefs.h. ##
## ----------- ##

#define PACKAGE_NAME "newbblox"
#define PACKAGE_TARNAME "newbblox"
#define PACKAGE_VERSION "0.9"
#define PACKAGE_STRING "newbblox 0.9"
#define PACKAGE_BUGREPORT "aramande@gmail.com"
#define PACKAGE "newbblox"
#define VERSION "0.9"
#define HAVE_LIBSDL_TTF 1
#define HAVE_LIBSDL_IMAGE 1
#define STDC_HEADERS 1
#define HAVE_SYS_TYPES_H 1
#define HAVE_SYS_STAT_H 1
#define HAVE_STDLIB_H 1
#define HAVE_STRING_H 1
#define HAVE_MEMORY_H 1
#define HAVE_STRINGS_H 1
#define HAVE_INTTYPES_H 1
#define HAVE_STDINT_H 1
#define HAVE_UNISTD_H 1
#define HAVE__BOOL 1
#define HAVE_STDBOOL_H 1

configure: exit 0

## ---------------------- ##
## Running config.status. ##
## ---------------------- ##

This file was extended by newbblox config.status 0.9, which was
generated by GNU Autoconf 2.63.  Invocation command line was

  CONFIG_FILES    = 
  CONFIG_HEADERS  = 
  CONFIG_LINKS    = 
  CONFIG_COMMANDS = 
  $ ./config.status config.h

on osaka

config.status:789: creating config.h
config.status:1011: config.h is unchanged
